{"severity":"INFO","fileLogging":true,"jsonLogOutput":true,"logDirectory":"./data/logs","fileName":"rule_collector.log","maxSizeMB":200,"maxBackups":30,"maxAgeInDays":90,"time":"2023-11-01T17:03:34+09:00","message":"logging configured"}
{"severity":"INFO","time":"2023-11-01T17:03:34+09:00","message":"Started at : 2023-11-01T17:03:34+09:00"}
{"severity":"INFO","time":"2023-11-01T17:03:34+09:00","message":"Server Logger Level : %!v(MISSING)TRACE"}
{"severity":"INFO","time":"2023-11-01T17:03:34+09:00","message":"postgres connect Info : host=localhost port=5432 user=rule dbname=rule_engine password=okestro2018 sslmode=disable"}
{"severity":"INFO","fileLogging":true,"jsonLogOutput":true,"logDirectory":"./data/logs","fileName":"rule_collector.log","maxSizeMB":200,"maxBackups":30,"maxAgeInDays":90,"time":"2023-11-01T17:25:25+09:00","message":"logging configured"}
{"severity":"INFO","time":"2023-11-01T17:25:25+09:00","message":"Started at : 2023-11-01T17:25:25+09:00"}
{"severity":"INFO","time":"2023-11-01T17:25:25+09:00","message":"Server Logger Level : %!v(MISSING)TRACE"}
{"severity":"INFO","time":"2023-11-01T17:25:25+09:00","message":"postgres connect Info : host=localhost port=5432 user=rule dbname=rule_engine password=okestro2018 sslmode=disable"}
{"severity":"INFO","fileLogging":true,"jsonLogOutput":true,"logDirectory":"./data/logs","fileName":"rule_collector.log","maxSizeMB":200,"maxBackups":30,"maxAgeInDays":90,"time":"2023-11-01T17:26:48+09:00","message":"logging configured"}
{"severity":"INFO","time":"2023-11-01T17:26:48+09:00","message":"Started at : 2023-11-01T17:26:48+09:00"}
{"severity":"INFO","time":"2023-11-01T17:26:48+09:00","message":"Server Logger Level : %!v(MISSING)TRACE"}
{"severity":"INFO","time":"2023-11-01T17:26:48+09:00","message":"postgres connect Info : host=localhost port=5432 user=rule dbname=rule_engine password=okestro2018 sslmode=disable"}
{"severity":"INFO","fileLogging":true,"jsonLogOutput":true,"logDirectory":"./data/logs","fileName":"rule_collector.log","maxSizeMB":200,"maxBackups":30,"maxAgeInDays":90,"time":"2023-11-01T17:28:50+09:00","message":"logging configured"}
{"severity":"INFO","time":"2023-11-01T17:28:50+09:00","message":"Started at : 2023-11-01T17:28:50+09:00"}
{"severity":"INFO","time":"2023-11-01T17:28:50+09:00","message":"Server Logger Level : %!v(MISSING)TRACE"}
{"severity":"INFO","time":"2023-11-01T17:28:50+09:00","message":"postgres connect Info : host=localhost port=5432 user=rule dbname=rule_engine password=okestro2018 sslmode=disable"}
{"severity":"INFO","fileLogging":true,"jsonLogOutput":true,"logDirectory":"./data/logs","fileName":"rule_collector.log","maxSizeMB":200,"maxBackups":30,"maxAgeInDays":90,"time":"2023-11-01T17:29:26+09:00","message":"logging configured"}
{"severity":"INFO","time":"2023-11-01T17:29:26+09:00","message":"Started at : 2023-11-01T17:29:26+09:00"}
{"severity":"INFO","time":"2023-11-01T17:29:26+09:00","message":"Server Logger Level : %!v(MISSING)TRACE"}
{"severity":"INFO","time":"2023-11-01T17:29:26+09:00","message":"postgres connect Info : host=localhost port=5432 user=rule dbname=rule_engine password=okestro2018 sslmode=disable"}
{"severity":"INFO","fileLogging":true,"jsonLogOutput":true,"logDirectory":"./data/logs","fileName":"rule_collector.log","maxSizeMB":200,"maxBackups":30,"maxAgeInDays":90,"time":"2023-11-01T17:29:31+09:00","message":"logging configured"}
{"severity":"INFO","time":"2023-11-01T17:29:31+09:00","message":"Started at : 2023-11-01T17:29:31+09:00"}
{"severity":"INFO","time":"2023-11-01T17:29:31+09:00","message":"Server Logger Level : %!v(MISSING)TRACE"}
{"severity":"INFO","time":"2023-11-01T17:29:31+09:00","message":"postgres connect Info : host=localhost port=5432 user=rule dbname=rule_engine password=okestro2018 sslmode=disable"}
{"severity":"INFO","fileLogging":true,"jsonLogOutput":true,"logDirectory":"./data/logs","fileName":"rule_collector.log","maxSizeMB":200,"maxBackups":30,"maxAgeInDays":90,"time":"2023-11-01T17:31:37+09:00","message":"logging configured"}
{"severity":"INFO","time":"2023-11-01T17:31:37+09:00","message":"Started at : 2023-11-01T17:31:37+09:00"}
{"severity":"INFO","time":"2023-11-01T17:31:37+09:00","message":"Server Logger Level : %!v(MISSING)TRACE"}
{"severity":"INFO","time":"2023-11-01T17:31:37+09:00","message":"postgres connect Info : host=localhost port=5432 user=rule dbname=rule_engine password=okestro2018 sslmode=disable"}
{"severity":"INFO","fileLogging":true,"jsonLogOutput":true,"logDirectory":"./data/logs","fileName":"rule_collector.log","maxSizeMB":200,"maxBackups":30,"maxAgeInDays":90,"time":"2023-11-01T17:40:20+09:00","message":"logging configured"}
{"severity":"INFO","time":"2023-11-01T17:40:20+09:00","message":"Started at : 2023-11-01T17:40:20+09:00"}
{"severity":"INFO","time":"2023-11-01T17:40:20+09:00","message":"Server Logger Level : %!v(MISSING)TRACE"}
{"severity":"INFO","time":"2023-11-01T17:40:20+09:00","message":"postgres connect Info : host=localhost port=5432 user=rule dbname=rule_engine password=okestro2018 sslmode=disable"}
{"severity":"INFO","fileLogging":true,"jsonLogOutput":true,"logDirectory":"./data/logs","fileName":"rule_collector.log","maxSizeMB":200,"maxBackups":30,"maxAgeInDays":90,"time":"2023-11-01T17:53:25+09:00","message":"logging configured"}
{"severity":"INFO","time":"2023-11-01T17:53:25+09:00","message":"Started at : 2023-11-01T17:53:25+09:00"}
{"severity":"INFO","time":"2023-11-01T17:53:25+09:00","message":"Server Logger Level : %!v(MISSING)TRACE"}
{"severity":"INFO","time":"2023-11-01T17:53:25+09:00","message":"postgres connect Info : host=localhost port=5432 user=rule dbname=rule_engine password=okestro2018 sslmode=disable"}
{"severity":"INFO","fileLogging":true,"jsonLogOutput":true,"logDirectory":"./data/logs","fileName":"rule_collector.log","maxSizeMB":200,"maxBackups":30,"maxAgeInDays":90,"time":"2023-11-01T17:58:00+09:00","message":"logging configured"}
{"severity":"INFO","time":"2023-11-01T17:58:00+09:00","message":"Started at : 2023-11-01T17:58:00+09:00"}
{"severity":"INFO","time":"2023-11-01T17:58:00+09:00","message":"Server Logger Level : %!v(MISSING)TRACE"}
{"severity":"INFO","time":"2023-11-01T17:58:00+09:00","message":"postgres connect Info : host=localhost port=5432 user=rule dbname=rule_engine password=okestro2018 sslmode=disable"}
{"severity":"INFO","fileLogging":true,"jsonLogOutput":true,"logDirectory":"./data/logs","fileName":"rule_collector.log","maxSizeMB":200,"maxBackups":30,"maxAgeInDays":90,"time":"2023-11-01T17:58:36+09:00","message":"logging configured"}
{"severity":"INFO","time":"2023-11-01T17:58:36+09:00","message":"Started at : 2023-11-01T17:58:36+09:00"}
{"severity":"INFO","time":"2023-11-01T17:58:36+09:00","message":"Server Logger Level : %!v(MISSING)TRACE"}
{"severity":"INFO","time":"2023-11-01T17:58:36+09:00","message":"postgres connect Info : host=localhost port=5432 user=rule dbname=rule_engine password=okestro2018 sslmode=disable"}
{"severity":"INFO","fileLogging":true,"jsonLogOutput":true,"logDirectory":"./data/logs","fileName":"rule_collector.log","maxSizeMB":200,"maxBackups":30,"maxAgeInDays":90,"time":"2023-11-01T18:00:22+09:00","message":"logging configured"}
{"severity":"INFO","time":"2023-11-01T18:00:22+09:00","message":"Started at : 2023-11-01T18:00:22+09:00"}
{"severity":"INFO","time":"2023-11-01T18:00:22+09:00","message":"Server Logger Level : %!v(MISSING)TRACE"}
{"severity":"INFO","time":"2023-11-01T18:00:22+09:00","message":"postgres connect Info : host=localhost port=5432 user=rule dbname=rule_engine password=okestro2018 sslmode=disable"}
{"severity":"ERROR","time":"2023-11-01T18:00:22+09:00","message":"Http Client Do Error: Get \"localhost:8080/get?input=정광필\": unsupported protocol scheme \"localhost\""}
{"severity":"ERROR","time":"2023-11-01T18:00:22+09:00","message":"Rest Execute Service Error: Get \"localhost:8080/get?input=정광필\": unsupported protocol scheme \"localhost\""}
{"severity":"ERROR","time":"2023-11-01T18:00:22+09:00","message":"GET OJT Api failed :%!(EXTRA string=StatusCode: 408, ErrMsg: Get \"localhost:8080/get?input=정광필\": unsupported protocol scheme \"localhost\")"}
{"severity":"INFO","fileLogging":true,"jsonLogOutput":true,"logDirectory":"./data/logs","fileName":"rule_collector.log","maxSizeMB":200,"maxBackups":30,"maxAgeInDays":90,"time":"2023-11-01T18:03:18+09:00","message":"logging configured"}
{"severity":"INFO","time":"2023-11-01T18:03:18+09:00","message":"Started at : 2023-11-01T18:03:18+09:00"}
{"severity":"INFO","time":"2023-11-01T18:03:18+09:00","message":"Server Logger Level : %!v(MISSING)TRACE"}
{"severity":"INFO","time":"2023-11-01T18:03:18+09:00","message":"postgres connect Info : host=localhost port=5432 user=rule dbname=rule_engine password=okestro2018 sslmode=disable"}
{"severity":"INFO","fileLogging":true,"jsonLogOutput":true,"logDirectory":"./data/logs","fileName":"rule_collector.log","maxSizeMB":200,"maxBackups":30,"maxAgeInDays":90,"time":"2023-11-01T18:12:10+09:00","message":"logging configured"}
{"severity":"INFO","time":"2023-11-01T18:12:10+09:00","message":"Started at : 2023-11-01T18:12:10+09:00"}
{"severity":"INFO","time":"2023-11-01T18:12:10+09:00","message":"Server Logger Level : %!v(MISSING)TRACE"}
{"severity":"INFO","time":"2023-11-01T18:12:10+09:00","message":"postgres connect Info : host=localhost port=5432 user=rule dbname=rule_engine password=okestro2018 sslmode=disable"}
{"severity":"INFO","fileLogging":true,"jsonLogOutput":true,"logDirectory":"./data/logs","fileName":"rule_collector.log","maxSizeMB":200,"maxBackups":30,"maxAgeInDays":90,"time":"2023-11-01T19:51:42+09:00","message":"logging configured"}
{"severity":"INFO","time":"2023-11-01T19:51:42+09:00","message":"Started at : 2023-11-01T19:51:42+09:00"}
{"severity":"INFO","time":"2023-11-01T19:51:42+09:00","message":"Server Logger Level : %!v(MISSING)TRACE"}
{"severity":"INFO","time":"2023-11-01T19:51:42+09:00","message":"postgres connect Info : host=localhost port=5432 user=rule dbname=rule_engine password=okestro2018 sslmode=disable"}
{"severity":"ERROR","time":"2023-11-01T19:51:50+09:00","message":"Get Count Error: ERROR: relation \"ojt_data_tbls\" does not exist (SQLSTATE 42P01)"}
{"severity":"ERROR","time":"2023-11-01T19:51:50+09:00","message":"DB Get Name error: ERROR: relation \"ojt_data_tbls\" does not exist (SQLSTATE 42P01)"}
{"severity":"ERROR","time":"2023-11-01T19:51:56+09:00","message":"Get Count Error: ERROR: relation \"ojt_data_tbls\" does not exist (SQLSTATE 42P01)"}
{"severity":"ERROR","time":"2023-11-01T19:51:56+09:00","message":"DB Get Name error: ERROR: relation \"ojt_data_tbls\" does not exist (SQLSTATE 42P01)"}
{"severity":"ERROR","time":"2023-11-01T19:51:57+09:00","message":"Get Count Error: ERROR: relation \"ojt_data_tbls\" does not exist (SQLSTATE 42P01)"}
{"severity":"ERROR","time":"2023-11-01T19:51:57+09:00","message":"DB Get Name error: ERROR: relation \"ojt_data_tbls\" does not exist (SQLSTATE 42P01)"}
{"severity":"INFO","fileLogging":true,"jsonLogOutput":true,"logDirectory":"./data/logs","fileName":"rule_collector.log","maxSizeMB":200,"maxBackups":30,"maxAgeInDays":90,"time":"2023-11-01T19:57:50+09:00","message":"logging configured"}
{"severity":"INFO","time":"2023-11-01T19:57:50+09:00","message":"Started at : 2023-11-01T19:57:50+09:00"}
{"severity":"INFO","time":"2023-11-01T19:57:50+09:00","message":"Server Logger Level : %!v(MISSING)TRACE"}
{"severity":"INFO","time":"2023-11-01T19:57:50+09:00","message":"postgres connect Info : host=localhost port=5432 user=rule dbname=rule_engine password=okestro2018 sslmode=disable"}
{"severity":"INFO","fileLogging":true,"jsonLogOutput":true,"logDirectory":"./data/logs","fileName":"rule_collector.log","maxSizeMB":200,"maxBackups":30,"maxAgeInDays":90,"time":"2023-11-01T23:48:09+09:00","message":"logging configured"}
{"severity":"INFO","time":"2023-11-01T23:48:09+09:00","message":"Started at : 2023-11-01T23:48:09+09:00"}
{"severity":"INFO","time":"2023-11-01T23:48:09+09:00","message":"Server Logger Level : %!v(MISSING)TRACE"}
{"severity":"INFO","time":"2023-11-01T23:48:09+09:00","message":"postgres connect Info : host=localhost port=5432 user=rule dbname=rule_engine password=okestro2018 sslmode=disable"}
{"severity":"DEBUG","time":"2023-11-01T23:48:15+09:00","message":"Create Data :%!(EXTRA []server.OjtInfo=[{5 정광필}])"}
{"severity":"INFO","fileLogging":true,"jsonLogOutput":true,"logDirectory":"./data/logs","fileName":"rule_collector.log","maxSizeMB":200,"maxBackups":30,"maxAgeInDays":90,"time":"2023-11-02T09:36:40+09:00","message":"logging configured"}
{"severity":"INFO","time":"2023-11-02T09:36:40+09:00","message":"Started at : 2023-11-02T09:36:40+09:00"}
{"severity":"INFO","time":"2023-11-02T09:36:40+09:00","message":"Server Logger Level : %!v(MISSING)TRACE"}
{"severity":"INFO","time":"2023-11-02T09:36:40+09:00","message":"postgres connect Info : host=localhost port=5432 user=rule dbname=rule_engine password=okestro2018 sslmode=disable"}
{"severity":"INFO","fileLogging":true,"jsonLogOutput":true,"logDirectory":"./data/logs","fileName":"rule_collector.log","maxSizeMB":200,"maxBackups":30,"maxAgeInDays":90,"time":"2023-11-02T09:40:39+09:00","message":"logging configured"}
{"severity":"INFO","time":"2023-11-02T09:40:39+09:00","message":"Started at : 2023-11-02T09:40:39+09:00"}
{"severity":"INFO","time":"2023-11-02T09:40:39+09:00","message":"Server Logger Level : %!v(MISSING)TRACE"}
{"severity":"INFO","time":"2023-11-02T09:40:39+09:00","message":"postgres connect Info : host=localhost port=5432 user=rule dbname=rule_engine password=okestro2018 sslmode=disable"}
{"severity":"INFO","fileLogging":true,"jsonLogOutput":true,"logDirectory":"./data/logs","fileName":"rule_collector.log","maxSizeMB":200,"maxBackups":30,"maxAgeInDays":90,"time":"2023-11-02T09:42:55+09:00","message":"logging configured"}
{"severity":"INFO","time":"2023-11-02T09:42:55+09:00","message":"Started at : 2023-11-02T09:42:55+09:00"}
{"severity":"INFO","time":"2023-11-02T09:42:55+09:00","message":"Server Logger Level : %!v(MISSING)TRACE"}
{"severity":"INFO","time":"2023-11-02T09:42:55+09:00","message":"postgres connect Info : host=localhost port=5432 user=rule dbname=rule_engine password=okestro2018 sslmode=disable"}
{"severity":"INFO","fileLogging":true,"jsonLogOutput":true,"logDirectory":"./data/logs","fileName":"rule_collector.log","maxSizeMB":200,"maxBackups":30,"maxAgeInDays":90,"time":"2023-11-02T09:45:24+09:00","message":"logging configured"}
{"severity":"INFO","time":"2023-11-02T09:45:24+09:00","message":"Started at : 2023-11-02T09:45:24+09:00"}
{"severity":"INFO","time":"2023-11-02T09:45:24+09:00","message":"Server Logger Level : %!v(MISSING)TRACE"}
{"severity":"INFO","time":"2023-11-02T09:45:24+09:00","message":"postgres connect Info : host=localhost port=5432 user=rule dbname=rule_engine password=okestro2018 sslmode=disable"}
{"severity":"INFO","fileLogging":true,"jsonLogOutput":true,"logDirectory":"./data/logs","fileName":"rule_collector.log","maxSizeMB":200,"maxBackups":30,"maxAgeInDays":90,"time":"2023-11-02T09:47:05+09:00","message":"logging configured"}
{"severity":"INFO","time":"2023-11-02T09:47:05+09:00","message":"Started at : 2023-11-02T09:47:05+09:00"}
{"severity":"INFO","time":"2023-11-02T09:47:05+09:00","message":"Server Logger Level : %!v(MISSING)TRACE"}
{"severity":"INFO","time":"2023-11-02T09:47:05+09:00","message":"postgres connect Info : host=localhost port=5432 user=rule dbname=rule_engine password=okestro2018 sslmode=disable"}
{"severity":"INFO","fileLogging":true,"jsonLogOutput":true,"logDirectory":"./data/logs","fileName":"rule_collector.log","maxSizeMB":200,"maxBackups":30,"maxAgeInDays":90,"time":"2023-11-02T09:49:35+09:00","message":"logging configured"}
{"severity":"INFO","time":"2023-11-02T09:49:35+09:00","message":"Started at : 2023-11-02T09:49:35+09:00"}
{"severity":"INFO","time":"2023-11-02T09:49:35+09:00","message":"Server Logger Level : %!v(MISSING)TRACE"}
{"severity":"INFO","time":"2023-11-02T09:49:35+09:00","message":"postgres connect Info : host=localhost port=5432 user=rule dbname=rule_engine password=okestro2018 sslmode=disable"}
{"severity":"INFO","fileLogging":true,"jsonLogOutput":true,"logDirectory":"./data/logs","fileName":"rule_collector.log","maxSizeMB":200,"maxBackups":30,"maxAgeInDays":90,"time":"2023-11-02T09:50:41+09:00","message":"logging configured"}
{"severity":"INFO","time":"2023-11-02T09:50:41+09:00","message":"Started at : 2023-11-02T09:50:41+09:00"}
{"severity":"INFO","time":"2023-11-02T09:50:41+09:00","message":"Server Logger Level : %!v(MISSING)TRACE"}
{"severity":"INFO","time":"2023-11-02T09:50:41+09:00","message":"postgres connect Info : host=localhost port=5432 user=rule dbname=rule_engine password=okestro2018 sslmode=disable"}
{"severity":"INFO","fileLogging":true,"jsonLogOutput":true,"logDirectory":"./data/logs","fileName":"rule_collector.log","maxSizeMB":200,"maxBackups":30,"maxAgeInDays":90,"time":"2023-11-02T09:53:16+09:00","message":"logging configured"}
{"severity":"INFO","time":"2023-11-02T09:53:16+09:00","message":"Started at : 2023-11-02T09:53:16+09:00"}
{"severity":"INFO","time":"2023-11-02T09:53:16+09:00","message":"Server Logger Level : %!v(MISSING)TRACE"}
{"severity":"INFO","time":"2023-11-02T09:53:16+09:00","message":"postgres connect Info : host=localhost port=5432 user=rule dbname=rule_engine password=okestro2018 sslmode=disable"}
{"severity":"DEBUG","time":"2023-11-02T09:54:01+09:00","message":"Delete Custom Data :%!(EXTRA server.OjtInfo={1 정광필})"}
{"severity":"INFO","fileLogging":true,"jsonLogOutput":true,"logDirectory":"./data/logs","fileName":"rule_collector.log","maxSizeMB":200,"maxBackups":30,"maxAgeInDays":90,"time":"2023-11-02T10:03:43+09:00","message":"logging configured"}
{"severity":"INFO","time":"2023-11-02T10:03:43+09:00","message":"Started at : 2023-11-02T10:03:43+09:00"}
{"severity":"INFO","time":"2023-11-02T10:03:43+09:00","message":"Server Logger Level : %!v(MISSING)TRACE"}
{"severity":"INFO","time":"2023-11-02T10:03:43+09:00","message":"postgres connect Info : host=localhost port=5432 user=rule dbname=rule_engine password=okestro2018 sslmode=disable"}
{"severity":"DEBUG","time":"2023-11-02T10:04:01+09:00","message":"Create Data :%!(EXTRA []server.OjtInfo=[{1 정광필}])"}
{"severity":"INFO","fileLogging":true,"jsonLogOutput":true,"logDirectory":"./data/logs","fileName":"rule_collector.log","maxSizeMB":200,"maxBackups":30,"maxAgeInDays":90,"time":"2023-11-02T10:14:56+09:00","message":"logging configured"}
{"severity":"INFO","time":"2023-11-02T10:14:56+09:00","message":"Started at : 2023-11-02T10:14:56+09:00"}
{"severity":"INFO","time":"2023-11-02T10:14:56+09:00","message":"Server Logger Level : %!v(MISSING)TRACE"}
{"severity":"INFO","time":"2023-11-02T10:14:56+09:00","message":"postgres connect Info : host=localhost port=5432 user=rule dbname=rule_engine password=okestro2018 sslmode=disable"}
{"severity":"DEBUG","time":"2023-11-02T10:15:01+09:00","message":"Create Data :%!(EXTRA []server.OjtInfo=[{5 임영웅}])"}
{"severity":"DEBUG","time":"2023-11-02T10:15:56+09:00","message":"Create Data :%!(EXTRA []server.OjtInfo=[{7 }])"}
{"severity":"INFO","fileLogging":true,"jsonLogOutput":true,"logDirectory":"./data/logs","fileName":"rule_collector.log","maxSizeMB":200,"maxBackups":30,"maxAgeInDays":90,"time":"2023-11-02T10:17:34+09:00","message":"logging configured"}
{"severity":"INFO","time":"2023-11-02T10:17:34+09:00","message":"Started at : 2023-11-02T10:17:34+09:00"}
{"severity":"INFO","time":"2023-11-02T10:17:34+09:00","message":"Server Logger Level : %!v(MISSING)TRACE"}
{"severity":"INFO","time":"2023-11-02T10:17:34+09:00","message":"postgres connect Info : host=localhost port=5432 user=rule dbname=rule_engine password=okestro2018 sslmode=disable"}
{"severity":"INFO","fileLogging":true,"jsonLogOutput":true,"logDirectory":"./data/logs","fileName":"rule_collector.log","maxSizeMB":200,"maxBackups":30,"maxAgeInDays":90,"time":"2023-11-02T10:18:20+09:00","message":"logging configured"}
{"severity":"INFO","time":"2023-11-02T10:18:20+09:00","message":"Started at : 2023-11-02T10:18:20+09:00"}
{"severity":"INFO","time":"2023-11-02T10:18:20+09:00","message":"Server Logger Level : %!v(MISSING)TRACE"}
{"severity":"INFO","time":"2023-11-02T10:18:20+09:00","message":"postgres connect Info : host=localhost port=5432 user=rule dbname=rule_engine password=okestro2018 sslmode=disable"}
{"severity":"INFO","fileLogging":true,"jsonLogOutput":true,"logDirectory":"./data/logs","fileName":"rule_collector.log","maxSizeMB":200,"maxBackups":30,"maxAgeInDays":90,"time":"2023-11-02T10:21:02+09:00","message":"logging configured"}
{"severity":"INFO","time":"2023-11-02T10:21:02+09:00","message":"Started at : 2023-11-02T10:21:02+09:00"}
{"severity":"INFO","time":"2023-11-02T10:21:02+09:00","message":"Server Logger Level : %!v(MISSING)TRACE"}
{"severity":"INFO","time":"2023-11-02T10:21:02+09:00","message":"postgres connect Info : host=localhost port=5432 user=rule dbname=rule_engine password=okestro2018 sslmode=disable"}
{"severity":"DEBUG","time":"2023-11-02T10:21:33+09:00","message":"Delete Custom Data :%!(EXTRA server.OjtInfo={5 임영웅})"}
{"severity":"INFO","fileLogging":true,"jsonLogOutput":true,"logDirectory":"./data/logs","fileName":"rule_collector.log","maxSizeMB":200,"maxBackups":30,"maxAgeInDays":90,"time":"2023-11-02T11:17:00+09:00","message":"logging configured"}
{"severity":"INFO","time":"2023-11-02T11:17:00+09:00","message":"Started at : 2023-11-02T11:17:00+09:00"}
{"severity":"INFO","time":"2023-11-02T11:17:00+09:00","message":"Server Logger Level : %!v(MISSING)TRACE"}
{"severity":"INFO","time":"2023-11-02T11:17:00+09:00","message":"postgres connect Info : host=localhost port=5432 user=rule dbname=rule_engine password=okestro2018 sslmode=disable"}
{"severity":"INFO","fileLogging":true,"jsonLogOutput":true,"logDirectory":"./data/logs","fileName":"rule_collector.log","maxSizeMB":200,"maxBackups":30,"maxAgeInDays":90,"time":"2023-11-02T11:21:42+09:00","message":"logging configured"}
{"severity":"INFO","time":"2023-11-02T11:21:42+09:00","message":"Started at : 2023-11-02T11:21:42+09:00"}
{"severity":"INFO","time":"2023-11-02T11:21:42+09:00","message":"Server Logger Level : %!v(MISSING)TRACE"}
{"severity":"INFO","time":"2023-11-02T11:21:42+09:00","message":"postgres connect Info : host=localhost port=5432 user=rule dbname=rule_engine password=okestro2018 sslmode=disable"}
{"severity":"INFO","fileLogging":true,"jsonLogOutput":true,"logDirectory":"./data/logs","fileName":"rule_collector.log","maxSizeMB":200,"maxBackups":30,"maxAgeInDays":90,"time":"2023-11-02T11:27:34+09:00","message":"logging configured"}
{"severity":"INFO","time":"2023-11-02T11:27:34+09:00","message":"Started at : 2023-11-02T11:27:34+09:00"}
{"severity":"INFO","time":"2023-11-02T11:27:34+09:00","message":"Server Logger Level : %!v(MISSING)TRACE"}
{"severity":"INFO","time":"2023-11-02T11:27:34+09:00","message":"postgres connect Info : host=localhost port=5432 user=rule dbname=rule_engine password=okestro2018 sslmode=disable"}
{"severity":"INFO","fileLogging":true,"jsonLogOutput":true,"logDirectory":"./data/logs","fileName":"rule_collector.log","maxSizeMB":200,"maxBackups":30,"maxAgeInDays":90,"time":"2023-11-02T13:55:18+09:00","message":"logging configured"}
{"severity":"INFO","time":"2023-11-02T13:55:18+09:00","message":"Started at : 2023-11-02T13:55:18+09:00"}
{"severity":"INFO","time":"2023-11-02T13:55:18+09:00","message":"Server Logger Level : %!v(MISSING)TRACE"}
{"severity":"INFO","time":"2023-11-02T13:55:18+09:00","message":"postgres connect Info : host=localhost port=5432 user=rule dbname=rule_engine password=okestro2018 sslmode=disable"}
{"severity":"INFO","fileLogging":true,"jsonLogOutput":true,"logDirectory":"./data/logs","fileName":"rule_collector.log","maxSizeMB":200,"maxBackups":30,"maxAgeInDays":90,"time":"2023-11-02T13:55:54+09:00","message":"logging configured"}
{"severity":"INFO","time":"2023-11-02T13:55:54+09:00","message":"Started at : 2023-11-02T13:55:54+09:00"}
{"severity":"INFO","time":"2023-11-02T13:55:54+09:00","message":"Server Logger Level : %!v(MISSING)TRACE"}
{"severity":"INFO","time":"2023-11-02T13:55:54+09:00","message":"postgres connect Info : host=localhost port=5432 user=rule dbname=rule_engine password=okestro2018 sslmode=disable"}
{"severity":"INFO","fileLogging":true,"jsonLogOutput":true,"logDirectory":"./data/logs","fileName":"rule_collector.log","maxSizeMB":200,"maxBackups":30,"maxAgeInDays":90,"time":"2023-11-02T13:56:19+09:00","message":"logging configured"}
{"severity":"INFO","time":"2023-11-02T13:56:19+09:00","message":"Started at : 2023-11-02T13:56:19+09:00"}
{"severity":"INFO","time":"2023-11-02T13:56:19+09:00","message":"Server Logger Level : %!v(MISSING)TRACE"}
{"severity":"INFO","time":"2023-11-02T13:56:19+09:00","message":"postgres connect Info : host=localhost port=5432 user=rule dbname=rule_engine password=okestro2018 sslmode=disable"}
{"severity":"INFO","fileLogging":true,"jsonLogOutput":true,"logDirectory":"./data/logs","fileName":"rule_collector.log","maxSizeMB":200,"maxBackups":30,"maxAgeInDays":90,"time":"2023-11-02T13:57:05+09:00","message":"logging configured"}
{"severity":"INFO","time":"2023-11-02T13:57:05+09:00","message":"Started at : 2023-11-02T13:57:05+09:00"}
{"severity":"INFO","time":"2023-11-02T13:57:05+09:00","message":"Server Logger Level : %!v(MISSING)TRACE"}
{"severity":"INFO","time":"2023-11-02T13:57:05+09:00","message":"postgres connect Info : host=localhost port=5432 user=rule dbname=rule_engine password=okestro2018 sslmode=disable"}
{"severity":"INFO","fileLogging":true,"jsonLogOutput":true,"logDirectory":"./data/logs","fileName":"rule_collector.log","maxSizeMB":200,"maxBackups":30,"maxAgeInDays":90,"time":"2023-11-02T13:57:38+09:00","message":"logging configured"}
{"severity":"INFO","time":"2023-11-02T13:57:38+09:00","message":"Started at : 2023-11-02T13:57:38+09:00"}
{"severity":"INFO","time":"2023-11-02T13:57:38+09:00","message":"Server Logger Level : %!v(MISSING)TRACE"}
{"severity":"INFO","time":"2023-11-02T13:57:38+09:00","message":"postgres connect Info : host=localhost port=5432 user=rule dbname=rule_engine password=okestro2018 sslmode=disable"}
{"severity":"ERROR","time":"2023-11-02T13:57:38+09:00","message":"Http Client Do Error: Get \"localhost:8080/get?input=정광필\": unsupported protocol scheme \"localhost\""}
{"severity":"ERROR","time":"2023-11-02T13:57:38+09:00","message":"Rest Execute Service Error: Get \"localhost:8080/get?input=정광필\": unsupported protocol scheme \"localhost\""}
{"severity":"ERROR","time":"2023-11-02T13:57:38+09:00","message":"GET OJT Api failed :%!(EXTRA string=StatusCode: 408, ErrMsg: Get \"localhost:8080/get?input=정광필\": unsupported protocol scheme \"localhost\")"}
{"severity":"INFO","fileLogging":true,"jsonLogOutput":true,"logDirectory":"./data/logs","fileName":"rule_collector.log","maxSizeMB":200,"maxBackups":30,"maxAgeInDays":90,"time":"2023-11-02T13:59:53+09:00","message":"logging configured"}
{"severity":"INFO","time":"2023-11-02T13:59:53+09:00","message":"Started at : 2023-11-02T13:59:53+09:00"}
{"severity":"INFO","time":"2023-11-02T13:59:53+09:00","message":"Server Logger Level : %!v(MISSING)TRACE"}
{"severity":"INFO","time":"2023-11-02T13:59:53+09:00","message":"postgres connect Info : host=localhost port=5432 user=rule dbname=rule_engine password=okestro2018 sslmode=disable"}
{"severity":"ERROR","time":"2023-11-02T13:59:53+09:00","message":"Http Client Do Error: Get \"https://localhost:8080/get?input=정광필\": http: server gave HTTP response to HTTPS client"}
{"severity":"ERROR","time":"2023-11-02T13:59:53+09:00","message":"Rest Execute Service Error: Get \"https://localhost:8080/get?input=정광필\": http: server gave HTTP response to HTTPS client"}
{"severity":"ERROR","time":"2023-11-02T13:59:53+09:00","message":"GET OJT Api failed :%!(EXTRA string=StatusCode: 408, ErrMsg: Get \"https://localhost:8080/get?input=정광필\": http: server gave HTTP response to HTTPS client)"}
{"severity":"INFO","fileLogging":true,"jsonLogOutput":true,"logDirectory":"./data/logs","fileName":"rule_collector.log","maxSizeMB":200,"maxBackups":30,"maxAgeInDays":90,"time":"2023-11-02T14:00:13+09:00","message":"logging configured"}
{"severity":"INFO","time":"2023-11-02T14:00:13+09:00","message":"Started at : 2023-11-02T14:00:13+09:00"}
{"severity":"INFO","time":"2023-11-02T14:00:13+09:00","message":"Server Logger Level : %!v(MISSING)TRACE"}
{"severity":"INFO","time":"2023-11-02T14:00:13+09:00","message":"postgres connect Info : host=localhost port=5432 user=rule dbname=rule_engine password=okestro2018 sslmode=disable"}
{"severity":"ERROR","time":"2023-11-02T14:00:13+09:00","message":"GET OJT Api failed :%!(EXTRA string=StatusCode: 404)"}
{"severity":"ERROR","time":"2023-11-02T14:01:13+09:00","message":"GET OJT Api failed :%!(EXTRA string=StatusCode: 404)"}
{"severity":"INFO","fileLogging":true,"jsonLogOutput":true,"logDirectory":"./data/logs","fileName":"rule_collector.log","maxSizeMB":200,"maxBackups":30,"maxAgeInDays":90,"time":"2023-11-02T14:01:48+09:00","message":"logging configured"}
{"severity":"INFO","time":"2023-11-02T14:01:48+09:00","message":"Started at : 2023-11-02T14:01:48+09:00"}
{"severity":"INFO","time":"2023-11-02T14:01:48+09:00","message":"Server Logger Level : %!v(MISSING)TRACE"}
{"severity":"INFO","time":"2023-11-02T14:01:48+09:00","message":"postgres connect Info : host=localhost port=5432 user=rule dbname=rule_engine password=okestro2018 sslmode=disable"}
{"severity":"ERROR","time":"2023-11-02T14:01:50+09:00","message":"Http Client Do Error: Get \"http://localhost/get?input=정광필\": dial tcp [::1]:80: connectex: No connection could be made because the target machine actively refused it."}
{"severity":"ERROR","time":"2023-11-02T14:01:50+09:00","message":"Rest Execute Service Error: Get \"http://localhost/get?input=정광필\": dial tcp [::1]:80: connectex: No connection could be made because the target machine actively refused it."}
{"severity":"ERROR","time":"2023-11-02T14:01:50+09:00","message":"GET OJT Api failed :%!(EXTRA string=StatusCode: 408, ErrMsg: Get \"http://localhost/get?input=정광필\": dial tcp [::1]:80: connectex: No connection could be made because the target machine actively refused it.)"}
{"severity":"ERROR","time":"2023-11-02T14:02:53+09:00","message":"Http Client Do Error: Get \"http://localhost/get?input=정광필\": dial tcp [::1]:80: connectex: No connection could be made because the target machine actively refused it."}
{"severity":"ERROR","time":"2023-11-02T14:02:53+09:00","message":"Rest Execute Service Error: Get \"http://localhost/get?input=정광필\": dial tcp [::1]:80: connectex: No connection could be made because the target machine actively refused it."}
{"severity":"ERROR","time":"2023-11-02T14:02:53+09:00","message":"GET OJT Api failed :%!(EXTRA string=StatusCode: 408, ErrMsg: Get \"http://localhost/get?input=정광필\": dial tcp [::1]:80: connectex: No connection could be made because the target machine actively refused it.)"}
{"severity":"INFO","fileLogging":true,"jsonLogOutput":true,"logDirectory":"./data/logs","fileName":"rule_collector.log","maxSizeMB":200,"maxBackups":30,"maxAgeInDays":90,"time":"2023-11-02T14:03:10+09:00","message":"logging configured"}
{"severity":"INFO","time":"2023-11-02T14:03:10+09:00","message":"Started at : 2023-11-02T14:03:10+09:00"}
{"severity":"INFO","time":"2023-11-02T14:03:10+09:00","message":"Server Logger Level : %!v(MISSING)TRACE"}
{"severity":"INFO","time":"2023-11-02T14:03:10+09:00","message":"postgres connect Info : host=localhost port=5432 user=rule dbname=rule_engine password=okestro2018 sslmode=disable"}
{"severity":"ERROR","time":"2023-11-02T14:03:10+09:00","message":"GET OJT Api failed :%!(EXTRA string=StatusCode: 404)"}
{"severity":"ERROR","time":"2023-11-02T14:04:10+09:00","message":"GET OJT Api failed :%!(EXTRA string=StatusCode: 404)"}
{"severity":"INFO","fileLogging":true,"jsonLogOutput":true,"logDirectory":"./data/logs","fileName":"rule_collector.log","maxSizeMB":200,"maxBackups":30,"maxAgeInDays":90,"time":"2023-11-02T14:04:33+09:00","message":"logging configured"}
{"severity":"INFO","time":"2023-11-02T14:04:33+09:00","message":"Started at : 2023-11-02T14:04:33+09:00"}
{"severity":"INFO","time":"2023-11-02T14:04:33+09:00","message":"Server Logger Level : %!v(MISSING)TRACE"}
{"severity":"INFO","time":"2023-11-02T14:04:33+09:00","message":"postgres connect Info : host=localhost port=5432 user=rule dbname=rule_engine password=okestro2018 sslmode=disable"}
{"severity":"ERROR","time":"2023-11-02T14:04:36+09:00","message":"Http Client Do Error: Get \"http://localhost:8080/get?input=정광필\": dial tcp [::1]:8080: connectex: No connection could be made because the target machine actively refused it."}
{"severity":"ERROR","time":"2023-11-02T14:04:36+09:00","message":"Rest Execute Service Error: Get \"http://localhost:8080/get?input=정광필\": dial tcp [::1]:8080: connectex: No connection could be made because the target machine actively refused it."}
{"severity":"ERROR","time":"2023-11-02T14:04:36+09:00","message":"GET OJT Api failed :%!(EXTRA string=StatusCode: 408, ErrMsg: Get \"http://localhost:8080/get?input=정광필\": dial tcp [::1]:8080: connectex: No connection could be made because the target machine actively refused it.)"}
{"severity":"INFO","fileLogging":true,"jsonLogOutput":true,"logDirectory":"./data/logs","fileName":"rule_collector.log","maxSizeMB":200,"maxBackups":30,"maxAgeInDays":90,"time":"2023-11-02T14:13:46+09:00","message":"logging configured"}
{"severity":"INFO","time":"2023-11-02T14:13:46+09:00","message":"Started at : 2023-11-02T14:13:46+09:00"}
{"severity":"INFO","time":"2023-11-02T14:13:46+09:00","message":"Server Logger Level : %!v(MISSING)TRACE"}
{"severity":"INFO","time":"2023-11-02T14:13:46+09:00","message":"postgres connect Info : host=localhost port=5432 user=rule dbname=rule_engine password=okestro2018 sslmode=disable"}
{"severity":"ERROR","time":"2023-11-02T14:13:48+09:00","message":"GET OJT Api failed :%!(EXTRA string=StatusCode: 400)"}
{"severity":"INFO","fileLogging":true,"jsonLogOutput":true,"logDirectory":"./data/logs","fileName":"rule_collector.log","maxSizeMB":200,"maxBackups":30,"maxAgeInDays":90,"time":"2023-11-02T14:14:37+09:00","message":"logging configured"}
{"severity":"INFO","time":"2023-11-02T14:14:37+09:00","message":"Started at : 2023-11-02T14:14:37+09:00"}
{"severity":"INFO","time":"2023-11-02T14:14:37+09:00","message":"Server Logger Level : %!v(MISSING)TRACE"}
{"severity":"INFO","time":"2023-11-02T14:14:37+09:00","message":"postgres connect Info : host=localhost port=5432 user=rule dbname=rule_engine password=okestro2018 sslmode=disable"}
{"severity":"ERROR","time":"2023-11-02T14:14:39+09:00","message":"GET OJT Api failed :%!(EXTRA string=StatusCode: 400)"}
{"severity":"INFO","fileLogging":true,"jsonLogOutput":true,"logDirectory":"./data/logs","fileName":"rule_collector.log","maxSizeMB":200,"maxBackups":30,"maxAgeInDays":90,"time":"2023-11-02T15:46:56+09:00","message":"logging configured"}
{"severity":"INFO","time":"2023-11-02T15:46:56+09:00","message":"Started at : 2023-11-02T15:46:56+09:00"}
{"severity":"INFO","time":"2023-11-02T15:46:56+09:00","message":"Server Logger Level : %!v(MISSING)TRACE"}
{"severity":"INFO","time":"2023-11-02T15:46:56+09:00","message":"postgres connect Info : host=localhost port=5432 user=rule dbname=rule_engine password=okestro2018 sslmode=disable"}
{"severity":"ERROR","time":"2023-11-02T15:46:58+09:00","message":"GET OJT Api failed :%!(EXTRA string=StatusCode: 400)"}
{"severity":"INFO","fileLogging":true,"jsonLogOutput":true,"logDirectory":"./data/logs","fileName":"rule_collector.log","maxSizeMB":200,"maxBackups":30,"maxAgeInDays":90,"time":"2023-11-02T15:51:09+09:00","message":"logging configured"}
{"severity":"INFO","time":"2023-11-02T15:51:09+09:00","message":"Started at : 2023-11-02T15:51:09+09:00"}
{"severity":"INFO","time":"2023-11-02T15:51:09+09:00","message":"Server Logger Level : %!v(MISSING)TRACE"}
{"severity":"INFO","time":"2023-11-02T15:51:09+09:00","message":"postgres connect Info : host=localhost port=5432 user=rule dbname=rule_engine password=okestro2018 sslmode=disable"}
{"severity":"ERROR","time":"2023-11-02T15:51:11+09:00","message":"GET OJT Api failed :%!(EXTRA string=StatusCode: 400)"}
{"severity":"INFO","fileLogging":true,"jsonLogOutput":true,"logDirectory":"./data/logs","fileName":"rule_collector.log","maxSizeMB":200,"maxBackups":30,"maxAgeInDays":90,"time":"2023-11-02T15:51:58+09:00","message":"logging configured"}
{"severity":"INFO","time":"2023-11-02T15:51:58+09:00","message":"Started at : 2023-11-02T15:51:58+09:00"}
{"severity":"INFO","time":"2023-11-02T15:51:58+09:00","message":"Server Logger Level : %!v(MISSING)TRACE"}
{"severity":"INFO","time":"2023-11-02T15:51:58+09:00","message":"postgres connect Info : host=localhost port=5432 user=rule dbname=rule_engine password=okestro2018 sslmode=disable"}
{"severity":"ERROR","time":"2023-11-02T15:52:00+09:00","message":"GET OJT Api failed :%!(EXTRA string=StatusCode: 400)"}
{"severity":"INFO","fileLogging":true,"jsonLogOutput":true,"logDirectory":"./data/logs","fileName":"rule_collector.log","maxSizeMB":200,"maxBackups":30,"maxAgeInDays":90,"time":"2023-11-02T15:52:19+09:00","message":"logging configured"}
{"severity":"INFO","time":"2023-11-02T15:52:19+09:00","message":"Started at : 2023-11-02T15:52:19+09:00"}
{"severity":"INFO","time":"2023-11-02T15:52:19+09:00","message":"Server Logger Level : %!v(MISSING)TRACE"}
{"severity":"INFO","time":"2023-11-02T15:52:19+09:00","message":"postgres connect Info : host=localhost port=5432 user=rule dbname=rule_engine password=okestro2018 sslmode=disable"}
{"severity":"ERROR","time":"2023-11-02T15:52:21+09:00","message":"Http Client Do Error: Get \"localhost:8080/get?input=정광필\": unsupported protocol scheme \"localhost\""}
{"severity":"ERROR","time":"2023-11-02T15:52:21+09:00","message":"Rest Execute Service Error: Get \"localhost:8080/get?input=정광필\": unsupported protocol scheme \"localhost\""}
{"severity":"ERROR","time":"2023-11-02T15:52:21+09:00","message":"GET OJT Api failed :%!(EXTRA string=StatusCode: 408, ErrMsg: Get \"localhost:8080/get?input=정광필\": unsupported protocol scheme \"localhost\")"}
{"severity":"INFO","fileLogging":true,"jsonLogOutput":true,"logDirectory":"./data/logs","fileName":"rule_collector.log","maxSizeMB":200,"maxBackups":30,"maxAgeInDays":90,"time":"2023-11-02T15:54:01+09:00","message":"logging configured"}
{"severity":"INFO","time":"2023-11-02T15:54:01+09:00","message":"Started at : 2023-11-02T15:54:01+09:00"}
{"severity":"INFO","time":"2023-11-02T15:54:01+09:00","message":"Server Logger Level : %!v(MISSING)TRACE"}
{"severity":"INFO","time":"2023-11-02T15:54:01+09:00","message":"postgres connect Info : host=localhost port=5432 user=rule dbname=rule_engine password=okestro2018 sslmode=disable"}
{"severity":"ERROR","time":"2023-11-02T15:55:02+09:00","message":"GET OJT Api failed :%!(EXTRA string=StatusCode: 400)"}
{"severity":"INFO","fileLogging":true,"jsonLogOutput":true,"logDirectory":"./data/logs","fileName":"rule_collector.log","maxSizeMB":200,"maxBackups":30,"maxAgeInDays":90,"time":"2023-11-02T15:55:34+09:00","message":"logging configured"}
{"severity":"INFO","time":"2023-11-02T15:55:34+09:00","message":"Started at : 2023-11-02T15:55:34+09:00"}
{"severity":"INFO","time":"2023-11-02T15:55:34+09:00","message":"Server Logger Level : %!v(MISSING)TRACE"}
{"severity":"INFO","time":"2023-11-02T15:55:34+09:00","message":"postgres connect Info : host=localhost port=5432 user=rule dbname=rule_engine password=okestro2018 sslmode=disable"}
{"severity":"ERROR","time":"2023-11-02T15:58:00+09:00","message":"Http Client Do Error: Get \"http://localhost:8080/get?input=정광필\": context deadline exceeded (Client.Timeout exceeded while awaiting headers)"}
{"severity":"ERROR","time":"2023-11-02T15:58:00+09:00","message":"Rest Execute Service Error: Get \"http://localhost:8080/get?input=정광필\": context deadline exceeded (Client.Timeout exceeded while awaiting headers)"}
{"severity":"ERROR","time":"2023-11-02T15:58:00+09:00","message":"GET OJT Api failed :%!(EXTRA string=StatusCode: 408, ErrMsg: Get \"http://localhost:8080/get?input=정광필\": context deadline exceeded (Client.Timeout exceeded while awaiting headers))"}
{"severity":"ERROR","time":"2023-11-02T15:58:00+09:00","message":"GET OJT Api failed :%!(EXTRA string=StatusCode: 400)"}
{"severity":"INFO","fileLogging":true,"jsonLogOutput":true,"logDirectory":"./data/logs","fileName":"rule_collector.log","maxSizeMB":200,"maxBackups":30,"maxAgeInDays":90,"time":"2023-11-02T15:59:36+09:00","message":"logging configured"}
{"severity":"INFO","time":"2023-11-02T15:59:36+09:00","message":"Started at : 2023-11-02T15:59:36+09:00"}
{"severity":"INFO","time":"2023-11-02T15:59:36+09:00","message":"Server Logger Level : %!v(MISSING)TRACE"}
{"severity":"INFO","time":"2023-11-02T15:59:36+09:00","message":"postgres connect Info : host=localhost port=5432 user=rule dbname=rule_engine password=okestro2018 sslmode=disable"}
{"severity":"INFO","fileLogging":true,"jsonLogOutput":true,"logDirectory":"./data/logs","fileName":"rule_collector.log","maxSizeMB":200,"maxBackups":30,"maxAgeInDays":90,"time":"2023-11-02T16:09:08+09:00","message":"logging configured"}
{"severity":"INFO","time":"2023-11-02T16:09:08+09:00","message":"Started at : 2023-11-02T16:09:08+09:00"}
{"severity":"INFO","time":"2023-11-02T16:09:08+09:00","message":"Server Logger Level : %!v(MISSING)TRACE"}
{"severity":"INFO","time":"2023-11-02T16:09:08+09:00","message":"postgres connect Info : host=localhost port=5432 user=rule dbname=rule_engine password=okestro2018 sslmode=disable"}
